app/build/intermediates/manifest_merge_blame_file/debug/manifest-merger-blame-debug-report.txt
1<?xml version="1.0" encoding="utf-8"?>
2<manifest xmlns:android="http://schemas.android.com/apk/res/android"
3    package="com.example.finalproject"
4    android:versionCode="1"
5    android:versionName="1.0" >
6
7    <uses-sdk
8        android:minSdkVersion="26"
8-->src\main\AndroidManifest.xml
9        android:targetSdkVersion="30" />
9-->src\main\AndroidManifest.xml
10
11    <uses-permission android:name="android.permission.ACCESS_FINE_LOCATION" />
11-->src\main\AndroidManifest.xml:5:5-79
11-->src\main\AndroidManifest.xml:5:22-76
12    <uses-permission android:name="android.permission.ACCESS_COARSE_LOCATION" />
12-->src\main\AndroidManifest.xml:6:5-81
12-->src\main\AndroidManifest.xml:6:22-78
13    <uses-permission android:name="android.permission.INTERNET" />
13-->src\main\AndroidManifest.xml:7:5-67
13-->src\main\AndroidManifest.xml:7:22-64
14
15    <!-- Include required permissions for Google Maps API to run. -->
16    <uses-permission android:name="android.permission.ACCESS_NETWORK_STATE" />
16-->[com.google.android.gms:play-services-maps:17.0.0] AndroidManifest.xml:23:5-79
16-->[com.google.android.gms:play-services-maps:17.0.0] AndroidManifest.xml:23:22-76
17
18    <uses-feature
18-->[com.google.android.gms:play-services-maps:17.0.0] AndroidManifest.xml:26:5-28:35
19        android:glEsVersion="0x00020000"
19-->[com.google.android.gms:play-services-maps:17.0.0] AndroidManifest.xml:27:9-41
20        android:required="true" />
20-->[com.google.android.gms:play-services-maps:17.0.0] AndroidManifest.xml:28:9-32
21
22    <application
22-->src\main\AndroidManifest.xml:9:5-28:19
23        android:allowBackup="true"
23-->src\main\AndroidManifest.xml:10:9-35
24        android:appComponentFactory="androidx.core.app.CoreComponentFactory"
24-->[androidx.core:core:1.3.2] AndroidManifest.xml:24:18-86
25        android:debuggable="true"
26        android:extractNativeLibs="false"
27        android:icon="@mipmap/ic_launcher"
27-->src\main\AndroidManifest.xml:11:9-43
28        android:label="@string/app_name"
28-->src\main\AndroidManifest.xml:12:9-41
29        android:roundIcon="@mipmap/ic_launcher_round"
29-->src\main\AndroidManifest.xml:13:9-54
30        android:supportsRtl="true"
30-->src\main\AndroidManifest.xml:14:9-35
31        android:testOnly="true"
32        android:theme="@style/Theme.FinalProject" >
32-->src\main\AndroidManifest.xml:15:9-50
33        <activity android:name="com.example.finalproject.SearchResult" />
33-->src\main\AndroidManifest.xml:17:9-50
33-->src\main\AndroidManifest.xml:17:19-47
34        <activity android:name="com.example.finalproject.SavedAddresses" />
34-->src\main\AndroidManifest.xml:18:9-52
34-->src\main\AndroidManifest.xml:18:19-49
35        <activity android:name="com.example.finalproject.EndUserLicenseActivity" />
35-->src\main\AndroidManifest.xml:19:9-60
35-->src\main\AndroidManifest.xml:19:19-57
36        <activity android:name="com.example.finalproject.LoadingActivity" >
36-->src\main\AndroidManifest.xml:20:9-26:20
36-->src\main\AndroidManifest.xml:20:19-50
37            <intent-filter>
37-->src\main\AndroidManifest.xml:21:13-25:29
38                <action android:name="android.intent.action.MAIN" />
38-->src\main\AndroidManifest.xml:22:17-69
38-->src\main\AndroidManifest.xml:22:25-66
39
40                <category android:name="android.intent.category.LAUNCHER" />
40-->src\main\AndroidManifest.xml:24:17-77
40-->src\main\AndroidManifest.xml:24:27-74
41            </intent-filter>
42        </activity>
43        <activity android:name="com.example.finalproject.SearchActivity" />
43-->src\main\AndroidManifest.xml:27:9-52
43-->src\main\AndroidManifest.xml:27:19-49
44
45        <service
45-->[androidx.room:room-runtime:2.2.6] AndroidManifest.xml:25:9-28:40
46            android:name="androidx.room.MultiInstanceInvalidationService"
46-->[androidx.room:room-runtime:2.2.6] AndroidManifest.xml:26:13-74
47            android:directBootAware="true"
47-->[androidx.room:room-runtime:2.2.6] AndroidManifest.xml:27:13-43
48            android:exported="false" /> <!-- Needs to be explicitly declared on P+ -->
48-->[androidx.room:room-runtime:2.2.6] AndroidManifest.xml:28:13-37
49        <uses-library
49-->[com.google.android.gms:play-services-maps:17.0.0] AndroidManifest.xml:33:9-35:40
50            android:name="org.apache.http.legacy"
50-->[com.google.android.gms:play-services-maps:17.0.0] AndroidManifest.xml:34:13-50
51            android:required="false" />
51-->[com.google.android.gms:play-services-maps:17.0.0] AndroidManifest.xml:35:13-37
52
53        <provider
53-->[com.squareup.picasso:picasso:2.71828] AndroidManifest.xml:8:9-11:40
54            android:name="com.squareup.picasso.PicassoProvider"
54-->[com.squareup.picasso:picasso:2.71828] AndroidManifest.xml:9:13-64
55            android:authorities="com.example.finalproject.com.squareup.picasso"
55-->[com.squareup.picasso:picasso:2.71828] AndroidManifest.xml:10:13-72
56            android:exported="false" />
56-->[com.squareup.picasso:picasso:2.71828] AndroidManifest.xml:11:13-37
57
58        <activity
58-->[com.google.android.gms:play-services-base:17.0.0] AndroidManifest.xml:23:9-26:75
59            android:name="com.google.android.gms.common.api.GoogleApiActivity"
59-->[com.google.android.gms:play-services-base:17.0.0] AndroidManifest.xml:24:13-79
60            android:exported="false"
60-->[com.google.android.gms:play-services-base:17.0.0] AndroidManifest.xml:25:13-37
61            android:theme="@android:style/Theme.Translucent.NoTitleBar" />
61-->[com.google.android.gms:play-services-base:17.0.0] AndroidManifest.xml:26:13-72
62
63        <meta-data
63-->[com.google.android.gms:play-services-basement:17.0.0] AndroidManifest.xml:23:9-25:69
64            android:name="com.google.android.gms.version"
64-->[com.google.android.gms:play-services-basement:17.0.0] AndroidManifest.xml:24:13-58
65            android:value="@integer/google_play_services_version" />
65-->[com.google.android.gms:play-services-basement:17.0.0] AndroidManifest.xml:25:13-66
66    </application>
67
68</manifest>